[   .0000] Liuxverio 4.150-3-gneic(buld@lgw01-md64-055) (gcc version 7.3.0 (Ubuntu 7.3.0-16ubuntu3)) #25-Ubuntu SMP Wed May 23 8:2:16 UTC 2018 (Ubuntu 4.15.0-23.25-generic 4.15.18)
[    0.000000] Command line: BOOT_IMAGE=/boot/vmlinuz-4.15.0-23-generic root=LABEL=cloudimg-rootfs ro console=tty1 console=ttyS0
[    0.000000] KERNEL supported cpus:
[    0.000000]   Intel GenuineIntel
[    0.000000]   AMD AuthenticAMD
[    0.000000]   CentaurCentaurHauls
[    0.000000] x86/fpu: Supporting XSAE ature 0x00: x87flting pnt risers'
[   .000000] x86/fpu: Supporting XSAVfeture 0x002: SS registrs
    0.0000] 86/fpu:Supporting XSAVE feature 0x004:'AVX rgisters'
[    0.000000] x86/fpu: xstteoffse[2:  56,xstate_sizes[2]:  256
[    0.000000] x86/fpu: Enabled xstate features 0x7, context size is 832 bytes, using 'standard' format.
[    0.000000] e820: BIOS-provided physical RAM map:
[    0.000000] BIOS-e20 [mem 0x0000000000000000-0x000000000009fbff] usable
[    0.000000] BIOS-e820: [mem 0x000000000009fc00-0x000000000009ffff] reserved
[    0.000000] BIOS-e820: [mem 0x00000000000f0000-0x00000000000fffff] reserved
[    0.000000] BIOS-e820: [mem 0x0000000000100000-0x000000007ffeffff] usable
[    0.000000] BIOS-e820: [mem 0x000000007fff0000-0x000000007fffffff] ACPI data
[    0.000000] BIOS-e820: [mem 0x00000000fec00000-0x00000000fec00fff] reserved
[    0.000000] BIOS-e820: [mem 0x00000000fee00000-0x00000000fee00fff] reserved
[    0.000000] BIOS-e820: [mem 0x00000000fffc0000-0x00000000ffffffff] reserved
[    0.000000] NX (Execute Disable) protection: active
[    0.000000] random: fast init done
[    0.000000] SMBIOS 2.5 present.
[    0.000000] DMI: innotek GmbH VirtualBox/VirtualBox, BIOS VirtualBox 12/01/2006
[    0.000000] Hypervisor detected: KVM
[    0.000000] e820: lst_pfn = 0x7fff0 max_arch_pfn = 0x400000000
[    0.000000] MTRR: Disabled
[    0.000000] x86/PAT: MTRRs disabled, skipping PAT initialization too.
[    0.000000] CPU MTRRs all blank - virtualized system.
[    0.000000] x86/PAT: Configuration [0-7]: WB  WT  UC- UC  WB  WT  UC- UC  
[    0.000000] found SMP MP-table at [mem 0x0009fff0-0x0009ffff] mapped at [        (ptrval)]
[    0.000000] Scanning 1 areas for low memory corruption
[    0.000000] RAMDISK: [mem 0x35aed000-0x36d6dfff]
[    0.000000] ACPI: Early table checksum verification disabled
[    0.000000] ACPI: RSDP 0x00000000000E0000 000024 (v02 VBOX  )
[    0.000000] ACPI: XSDT 0x000000007FFF0030 00003C (v01 VBOX   VBOXXSDT 00000001 ASL  00000061)
[    0.000000] ACPI: FACP 0x000000007FFF00F0 0000F4 (v04 VBOX   VBOXFACP 00000001 ASL  00000061)
[    0.000000] ACPI: DSDT 0x000000007FFF0470 0021FF (v02 VBOX   VBOXBIOS 00000002 INTL 20100528)
[    0.000000] ACPI: FACS 0x000000007FFF0200 000040
[    0.000000] ACPI: FACS 0x000000007FFF0200 000040
[    0.000000] ACPI: APIC 0x000000007FFF0240 00005C (v02 VBOX   VBOXAPIC 00000001 ASL  00000061)
[    0.000000] ACPI: SSDT 0x000000007FFF02A0 0001CC (v01 VBOX   VBOXCPUT 00000002 INTL 20100528)
[    0.000000] No NUMA configuration found
[    0.000000] Faking a node at [mem 0x0000000000000000-0x000000007ffeffff]
[    0.000000] NODE_DATA(0) allocated [mem 0x7ffc5000-0x7ffeffff]
[    0.000000] kvm-clock: cpu 0, msr 0:7ff44001, primary cpu clock
[    0.000000] kvm-clock: Using msrs 4b564d01 and 4b564d00
[    0.000000] kvm-clock: using sched offset of 3861440354 cycles
[    0.000000] clocksource: kvm-clock: mask: 0xffffffffffffffff max_cycles: 0x1cd42e4dffb, max_idle_ns: 881590591483 ns
[    0.000000] Zone ranges:
[    0.000000]   DMA      [mem 0x0000000000001000-0x0000000000ffffff]
[    0.000000]   DMA32    [mem 0x0000000001000000-0x000000007ffeffff]
[    0.000000]   Normal   empty
[    0.000000]   Device   empty
[    0.000000] Movable zone start for each node
[    0.000000] Early memory node ranges
[    0.000000]   node   0: [mem 0x0000000000001000-0x000000000009efff]
[    0.000000]   node   0: [mem 0x0000000000100000-0x000000007ffeffff]
[    0.000000] Initmem setup node 0 [mem 0x0000000000001000-0x000000007ffeffff]
[    0.000000] Reserved but unavailable: 98 pages
[    0.000000] ACPI: PM-Timer IO Port: 0x4008
[    0.000000] IOAPIC[0]: apic_id 2, version 32, address 0xfec00000, GSI 0-23
[    0.000000] ACPI: INT_SRC_OVR (bus 0 bus_irq 0 global_irq 2 dfl dfl)
[    0.000000] ACPI: INT_SRC_OVR (bus 0 bus_irq 9 global_irq 9 low level)
[    0.000000] Using ACPI (MADT) for SMP configuration information
[    0.000000] smpboot: Allowing 2 CPUs, 0 hotplug CPUs
[    0.000000] PM: Registered nosave memory: [mem 0x00000000-0x00000fff]
[    0.000000] PM: Registered nosave memory: [mem 0x0009f000-0x0009ffff]
[    0.000000] PM: Registered nosave memory: [mem 0x000a0000-0x000effff]
[    0.000000] PM: Registered nosave memory: [mem 0x0f0000-0x000fffff]
[    0.000000] e820: [mem 0x80000000-0xfebfffff] available for PCI devices
[    0.000000] Booting paravirtualized kernel on KVM
[    0.0000] clocksource: refined-jiffies: mask: 0xffffffff max_cycles: 0xffffffff, max_idle_ns: 7645519600211568 ns
[    0.000000] setup_percpu: NR_CPUS:8192 nr_cpumask_bits:2 nr_cpu_id2 nr_node_ids:1
[    0.000000] percpu: Embedded 46 pages/cpu @        (ptrval) s151552 r8192 d28672 u1048576
[    0.000000] PV qspinlock hash table entries: 256 (order: 0, 4096 bytes)
[    0.000000] Built 1 zonelists, mobility grouping on.  Total pages: 515961
[    0.000000] Policy zone: DMA32
[    0.000000] Kernel command line: BOOT_IMAGE=/boot/vmlinuz-4.15.0-23-generic root=LABEL=cloudimg-rootfs ro console=tty1 console=ttyS0
[    0.000000] Memory: 2015828K/2096696K available (12300K kernel code, 2470K rwdata, 4240K rodata, 2408K init, 2416K bss, 80868K reserved, 0K cma-reserved)
[    0.000000] SLUB: HWalign=64, Order=0-3, MinObjects=0, CPUs=2, Nodes=1
[    0.000000] Kernel/User page tables isolation: enabled
[    0.000000] ftrace: allocating 39083 entries in 153 pages
[    0.004000] Hierarchical RCU implementation.
[    0.004000] 	RCU restricting CPUs from NR_CPUS=8192 to nr_cpu_ids=2.
[    0.004000] 	Tasks RCU enabled.
[    0.0040] RCU: Adjusting geometry for rcu_fanout_leaf=16, nr_cpu_ids=2
[    0.004000] NR_IRQS: 524544, nr_irqs: 440, preallocated irqs: 16
[    0.004000] Console: colour VGA+ 80x25
[    0.004000] console [tty1] enabled
[    0.004000] console [ttyS0] enabled
[    0.004000] ACPI: Core revision 20170831
[    0.004000] ACPI: 2 ACPI AML tables successfully acquired and loaded
[    0.004000] APIC: Switch to symmetric I/O mode setup
[    0.004000] x2apic enabled
[    0.004005] Switched APIC routing to physical x2apic.
[    0.012434] ..TIMER: vector=0x30 apic1=0 pin1=2 apic2=-1 pin2=-1
[    0.016007] tsc: Detected 3299.998 MHz processor
[    0.020014] Calibrating delay loop (skipped) preset value.. 6599.99 BogoMIPS (lpj=13199992)
[    0.024006] pid_max: default: 32768 minimum: 301
[    0.028063] Security Framework initialized
[    0.032003] Yama: becoming mindful.
[    0.032625] AppArmor: AppArmor initialized
[    0.036093] Dentry cache hash table entries: 262144 (order: 9, 2097152 bytes)
[    0.048078] Inode-cache hash table entries: 131072 (order: 8, 1048576 bytes)
[    0.052034] Mount-cache hash table entries: 4096 (order: 3, 32768 bytes)
[    0.056017] Mountpoint-cache hash table entries: 4096 (order: 3, 32768 bytes)
[    0.059008] CPU: Physical Processor ID: 0
[    0.060005] CPU: Processor Core ID: 0
[    0.061386] mce: CPU supports 0 MCE banks
[    0.064117] Last level iTLB entries: 4KB 1024, 2MB 1024, 4MB 1024
[    0.068006] Last level dTLB entries: 4KB 1024, 2MB 1024, 4MB 1024, 1GB 4
[    0.072005] Spectre V2 : Mitigation: Full generic retpoline
[    0.076003] Speculative Store Bypass: Vulnerable
[    0.080189] Freeing SMP alternatives memory: 36K
[   .092000] smpboot: CPU0: Intel(R) Core(TM) i7-5820K CPU @ 3.30GHz (family: 0x6, model: 0x3f, stepping: 0x2)
[    0.092064] Performance Events: unsupported p6 CPU model 63 no PMU driver, software events only.
[    0.096027] Hierarchical SRCU implementation.
[    0.100443] NMI watchdog: Perf event create on CPU 0 failed with -2
[    0.104004] NMI watchdog: Perf NMI watchdog permanently disabled
[    0.108046] smp: Bringing up secondary CPUs ...
[    0.109004] x86: Booting SMP configuration:
[    0.109820] .... node  #0, CPUs:      #1
[    0.004000] kvm-clock: cpu 1, msr 0:7ff44041, secondary cpu clock
[    0.004000] mce: CPU supports 0 MCE banks
[    0.114372] smp: Brought up 1 node, 2 CPUs
[    0.116004] smpboot: Max logical packages: 1
[    0.116856] smpboot: Total of 2 processors activated (13199.99 BogoMIPS)
[    0.120110] devtmpfs: initialized
[    0.124047] x86/mm: Memory block size: 128MB
[    0.128148] evm: security.selinux
[    0.132003] evm: security.SMACK64
[    0.132666] evm: security.SMACK64EXEC
[    0.136002] evm: security.SMACK64TRANSMUTE
[    0.136823] evm: security.SMACK64MMAP
[    0.137544] evm: security.apparmor
[    0.140001] evm: security.ima
[    0.140605] evm: security.capability
[    0.141374] clocksource: jiffies: mask: 0xffffffff max_cycles: 0xffffffff, max_idle_ns: 7645041785100000 ns
[    0.144006] futex hash table entries: 512 (order: 3, 32768 bytes)
[    0.145303] pinctrl core: initialized pinctrl subsystem
[    0.148080] RTC time: 17:28:41, date: 12/15/18
[    0.149087] NET: Registered protocol family 16
[    0.152053] audit: initializing netlink subsys (disabled)
[    0.153137] audit: type=2000 audit(1544894925.087:1): state=initialized audit_enabled=0 res=1
[    0.156013] cpuidle: using governor ladder
[    0.160005] cpuidle: using governor menu
[    0.160797] ACPI: bus type PCI registered
[    0.161584] acpiphp: ACPI Hot Plug PCI Controller Driver version: 0.5
[    0.164065] PCI: Using configuration type 1 for base access
[    0.176044] HugeTLB registered 2.00 MiB page size, pre-allocated 0 pages
[    0.184087] ACPI: Added _OSI(Module Device)
[    0.188011] ACPI: Added _OSI(Processor Device)
[    0.188877] ACPI: Added _OSI(3.0 _SCP Extensions)
[    0.189825] ACPI: Added _OSI(Processor Aggregator Device)
[    0.196147] ACPI: Executed 1 blocks of module-level executable AML code
[    0.200011] ACPI: Interpreter enabled
[    0.200762] ACPI: (supports S0 S5)
[    0.201438] ACPI: Using IOAPIC for interrupt routing
[    0.202569] PCI: Using host bridge windows from ACPI; if necessary, use "pci=nocrs" and report a bug
[    0.204128] ACPI: Enabled 2 GPEs in block 00 to 07
[    0.213364] ACPI: PCI Root Bridge [PCI0] (domain 0000 [bus 00-ff])
[    0.216015] acpi PNP0A03:00: _OSC: OS supports [ASPM ClockPM Segments MSI]
[    0.220090] acpi PNP0A03:00: _OSC: not requesting OS control; OS requires [ExtendedConfig ASPM ClockPM MSI]
[    0.224047] acpi PNP0A03:00: fail to add MMCONFIG information, can't access extended PCI configuration space under this bridge.
[    0.228850] PCI host bridge to bus 0000:00
[    0.232006] pci_bus 0000:00: root bus resource [io  0x0000-0x0cf7 window]
[    0.236008] pci_bus 0000:00: root bus resource [io  0x0d00-0xffff window]
[    0.240002] pci_bus 0000:00: root bus resource [mem 0x000a0000-0x000bffff window]
[    0.241873] pci_bus 0000:00: root bus resource [mem 0x80000000-0xfdffffff window]
[    0.244004] pci_bus 0000:00: root bus resource [bus 00-ff]
[    0.249482] pci 0000:00:01.1: legacy IDE quirk: reg 0x10: [io  0x01f0-0x01f7]
[    0.252008] pci 0000:00:01.1: legacy IDE quirk: reg 0x14: [io  0x03f6]
[    0.253660] pci 0000:00:01.1: legacy IDE quirk: reg 0x18: [io  0x0170-0x0177]
[    0.256007] pci 0000:00:01.1: legacy IDE quirk: reg 0x1c: [io  0x0376]
[    0.278834] pci 0000:00:07.0: quirk: [io  0x4000-0x403f] claimed by PIIX4 ACPI
[    0.280015] pci 0000:00:07.0: quirk: [io  0x4100-0x410f] claimed by PIIX4 SMB
[    0.295365] ACPI: PCI Interrupt Link [LNKA] (IRQs 5 9 10 *11)
[    0.296290] ACPI: PCI Interrupt Link [LNKB] (IRQs 5 9 *10 11)
[    0.297267] ACPI: PCI Interrupt Link [LNKC] (IRQs 5 *9 10 11)
[    0.298411] ACPI: PCI Interrupt Link [LNKD] (IRQs 5 9 10 *11)
[    0.300253] SCSI subsystem initialized
[    0.300957] pci 0000:00:02.0: vgaarb: setting as boot VGA device
[    0.301037] pci 0000:00:02.0: vgaarb: VGA device added: decodes=io+mem,owns=io+mem,locks=none
[    0.302482] pci 0000:00:02.0: vgaarb: bridge control possible
[    0.304003] vgaarb: loaded
[    0.304536] ACPI: bus type USB registered
[    0.305277] usbcore: registered new interface driver usbfs
[    0.306086] usbcore: registered new interface driver hub
[    0.306934] usbcore: registered new device driver usb
[    0.308047] EDAC MC: Ver: 3.0.0
[    0.316135] PCI: Using ACPI for IRQ routing
[    0.320262] NetLabel: Initializing
[    0.324003] NetLabel:  domain hash size = 128
[    0.328001] NetLabel:  protocols = UNLABELED CIPSOv4 CALIPSO
[    0.329173] NetLabel:  unlabeled traffic allowed by default
[    0.330430] clocksource: Switched to clocksource kvm-clock
[    0.372824] VFS: Disk quotas dquot_6.6.0
[   3701] S:quuot-ac hh bl eris:12orr 0, 4096 bytes)
[   94597] AppArmor: AppArmor Filesystem Enabled
[    1.029913] pnp: PnP ACPI init
[   03237]npPnP ACPI: found 3 devices

[   203269] clocksource: acpi_pm: mask: 0xffffff max_cycles: 0xffffff, max_idle_ns: 2085701024 ns
[    1.278530] NET: Registered protocol family 2

[    1.279829] TCP established hash table entries: 16384 (order: 5, 131072 bytes)
[    1.281447] TCP bind hash table entries: 16384 (order: 6, 262144 bytes)
[    1.296804] TCP: Hash tables configured (established 16384 bind 16384)
[   .233 U hh able entries: 1024 (order: 3, 32768 bytes)
[    1.520456] UD-Lte has table entries: 1024 (order: 3, 32768 bytes)
[  1964]ET: Registered protocol family 1
[    1.748588] pci 0000:00:00.0: Limiting direct PCI/PCI transfers
[    1.750546]pci 0000:00:01.0: Activating ISA DMA hang workarounds
[    1.770756] pci 0000:00:02.0: Video device with shadowed ROM at [mem 0x000c0000-0x000dffff]
[    1.798] npckngnitramfs...

[    2.504804] Freeing initrd memory: 18948K
[    2.512851] platform rtc_cmos: registered platform RTC device (no PNP device found)
[    2.531206] Scanning for low memory corruption every 60 seconds
[    2.536120] Initialise system trusted keyrings
[    2.555822] Key type blacklist registered
[    2.564700] workingset: timestamp_bits=36 max_order=19 bucket_order=0
[    2.612906] zbud: loaded
[    2.614953] squashfs: version 4.0 (2009/01/31) Phillip Lougher
[    2.645203] fuse init (API version 7.26)
[    2.682918] Key type asymmetric registered
[    2.705790] Asymmetric key parser 'x509' registered
[    2.707698] Block layer SCSI generic (bsg) driver version 0.4 loaded (major 246)
[    2.711771] io scheduler noop registered
[    2.732713] io scheduler deadline registered
[    2.741426] io scheduler cfq registered (default)
[    2.749564] ACPI: AC Adapter [AC] (on-line)
[    2.757014] input: Power Button as /devices/LNXSYSTM:00/LNXPWRBN:00/input/input0
[    2.765658] ACPI: Power Button [PWRF]
[    2.784317] input: Sleep Button as /devices/LNXSYSTM:00/LNXSLPBN:00/input/input1
[    2.793528] ACPI: Sleep Button [SLPF]
[    2.807981] Serial: 8250/16550 driver, 32 ports, IRQ sharing enabled
[    2.837497] 00:02: ttyS0 at I/O 0x3f8 (irq = 4, base_baud = 115200) is a 16550A
[    2.843045] Linux agpgart interface v0.103
[    2.866590] loop: module loaded
[    2.886988] scsi host0: ata_piix
[    2.888589] scsi host1: ata_piix
[    2.896173] ata1: PATA max UDMA/33 cmd 0x1f0 ctl 0x3f6 bmdma 0xd000 irq 14
[    2.900514] ata2: PATA max UDMA/33 cmd 0x170 ctl 0x376 bmdma 0xd008 irq 15
[    2.903085] libphy: Fixed MDIO Bus: probed
[    2.911719] tun: Universal TUN/TAP device driver, 1.6
[    2.913780] PPP generic driver version 2.4.2
[    2.916812] ehci_hcd: USB 2.0 'Enhanced' Host Controller (EHCI) Driver
[    2.918209] ehci-pci: EHCI PCI platform driver
[    2.919297] ehci-platform: EHCI generic platform driver
[    2.922019] ohci_hcd: USB 1.1 'Open' Host Controller (OHCI) Driver
[    2.923258] ohci-pci: OHCI PCI platform driver
[    2.938293] ohci-platform: OHCI generic platform driver
[    2.939007] uhci_hcd: USB Universal Host Controller Interface driver
[    2.954030] i8042: PNP: PS/2 Controller [PNP0303:PS2K,PNP0f03:PS2M] at 0x60,0x64 irq 1,12
[    2.955605] serio: i8042 KBD port at 0x60,0x64 irq 1
[    2.956336] serio: i8042 AUX port at 0x60,0x64 irq 12
[    2.957372] mousedev: PS/2 mouse device common for all mice
[    2.958844] input: AT Translated Set 2 keyboard as /devices/platform/i8042/serio0/input/input2
[    2.960060] rtc_cmos rtc_cmos: rtc core: registered rtc_cmos as rtc0
[    2.960139] rtc_cmos rtc_cmos: alarms up to one day, 114 bytes nvram
[    2.960148] i2c /dev entries driver
[    2.960208] device-mapper: uevent: version 1.0.3
[    2.960274] device-mapper: ioctl: 4.37.0-ioctl (2017-09-20) initialised: dm-devel@redhat.com
[    2.964505] ledtrig-cpu: registered to indicate activity on CPUs
[    2.966203] NET: Registered protocol family 10
[    2.969988] Segment Routing with IPv6
[    2.970581] NET: Registered protocol family 17
[    2.971275] Key type dns_resolver registered
[    2.972478] RAS: Correctable Errors collector initialized.
[    2.973627] sched_clock: Marking stable (2972311170, 0)->(5526514875, -2554203705)
[    2.975469] registered taskstats version 1
[    2.976391] Loading compiled-in X.509 certificates
[    2.979579] Loaded X.509 cert 'Build time autogenerated kernel key: d77482c25b833df502ed38a87c5d7f330fdff3cb'
[    3.173270] zswap: loaded using pool lzo/zbud
[    3.299062] Key type big_key registered
[    3.301811] Key type trusted registered
[    3.320958] Key type encrypted registered
[    3.338065] AppArmor: AppArmor sha1 policy hashing enabled
[    3.338900] ima: No TPM chip found, activating TPM-bypass! (rc=-19)
[    3.341599] evm: HMAC attrs: 0x1
[    3.342460]   Magic number: 14:892:491
[    3.343303] rtc_cmos rtc_cmos: setting system clock to 2018-12-15 17:28:44 UTC (1544894924)
[    3.345029] BIOS EDD facility v0.16 2004-Jun-25, 0 devices found
[    3.345915] EDD information not available.
[    3.355681] Freeing unused kernel memory: 2408K
[    3.372587] Write protecting the kernel read-only data: 20480k
[    3.373889] Freeing unused kernel memory: 2008K
[    3.377763] Freeing unused kernel memory: 1904K
[    3.385560] x86/mm: Checked W+X mappings: passed, no W+X pages found.
[    3.386632] x86/mm: Checking user space page tables
[    3.394454] x86/mm: Checked W+X mappings: passed, no W+X pages found.
Loading, please wait...
starting version 237
[    3.469779] e1000: Intel(R) PRO/1000 Network Driver - version 7.3.21-k8-NAPI
[    3.470802] e1000: Copyright (c) 1999-2006 Intel Corporation.
[    3.481245] Fusion MPT base driver 3.04.20
[    3.481908] Copyright (c) 1999-2008 LSI Corporation
[    3.498001] AVX2 version of gcm_enc/dec engaged.
[    3.498717] AES CTR mode by8 optimization enabled
[    3.531218] tsc: Refined TSC clocksource calibration: 3300.607 MHz
[    3.544856] clocksource: tsc: mask: 0xffffffffffffffff max_cycles: 0x2f9389d3a37, max_idle_ns: 440795325018 ns
[    3.566004] Fusion MPT SPI Host driver 3.04.20
[    3.720727] input: ImExPS/2 Generic Explorer Mouse as /devices/platform/i8042/serio1/input/input4
[    3.901439] e1000 0000:00:03.0 eth0: (PCI:33MHz:32-bit) 02:79:70:27:56:0f
[    3.909997] e1000 0000:00:03.0 eth0: Intel(R) PRO/1000 Network Connection
[    4.115004] mptbase: ioc0: Initiating bringup
[    5.112886] ioc0: LSI53C1030 A0: Capabilities={Initiator}
[    6.592838] scsi host2: ioc0: LSI53C1030 A0, FwRev=00000000h, Ports=1, MaxQ=256, IRQ=20
[    7.582414] scsi 2:0:0:0: Direct-Access     VBOX     HARDDISK         1.0  PQ: 0 ANSI: 5
[    8.448173] scsi target2:0:0: Beginning Domain Validation
[    8.470346] scsi target2:0:0: Domain Validation skipping write tests
[    8.479035] scsi target2:0:0: Ending Domain Validation
[    8.480957] scsi target2:0:0: asynchronous
[    8.486327] e1000 0000:00:08.0 eth1: (PCI:33MHz:32-bit) 08:00:27:8c:0c:39
[    8.486335] e1000 0000:00:08.0 eth1: Intel(R) PRO/1000 Network Connection
[    8.540398] e1000 0000:00:03.0 enp0s3: renamed from eth0
[    8.548628] scsi 2:0:1:0: Direct-Access     VBOX     HARDDISK         1.0  PQ: 0 ANSI: 5
[    8.614120] e1000 0000:00:08.0 enp0s8: renamed from eth1
[    8.636393] scsi target2:0:1: Beginning Domain Validation
[    8.645218] scsi target2:0:1: Domain Validation skipping write tests
[    8.710949] scsi target2:0:1: Ending Domain Validation
[    8.732828] scsi target2:0:1: asynchronous
[    9.100607] sd 2:0:0:0: Attached scsi generic sg0 type 0
[    9.108320] sd 2:0:0:0: [sda] 20971520 512-byte logical blocks: (10.7 GB/10.0 GiB)
[    9.123536] sd 2:0:1:0: Attached scsi generic sg1 type 0
[    9.146309] sd 2:0:0:0: [sda] Write Protect is off
[    9.147208] sd 2:0:0:0: [sda] Incomplete mode parameter data
[    9.152330] sd 2:0:0:0: [sda] Assuming drive cache: write through
[    9.153742] sd 2:0:1:0: [sdb] 20480 512-byte logical blocks: (10.5 MB/10.0 MiB)
[    9.155573] sd 2:0:1:0: [sdb] Write Protect is off
[    9.158270] sd 2:0:1:0: [sdb] Incomplete mode parameter data
[    9.158593]  sda: sda1
[    9.159821] sd 2:0:1:0: [sdb] Assuming drive cache: write through
[    9.161449] sd 2:0:0:0: [sda] Attached SCSI disk
[    9.164329] sd 2:0:1:0: [sdb] Attached SCSI disk
Begin: Loading essential drivers ... [   10.692446] raid6: sse2x1   gen() 10355 MB/s
[   10.760274] raid6: sse2x1   xor()  6421 MB/s
[   10.828594] raid6: sse2x2   gen()  7980 MB/s
[   10.884213] raid6: sse2x2   xor()  4530 MB/s
[   11.012028] raid6: sse2x4   gen()  8584 MB/s
[   11.060075] raid6: sse2x4   xor()  7681 MB/s
[   11.164681] raid6: avx2x1   gen() 21618 MB/s
[   11.236401] raid6: avx2x1   xor()  6330 MB/s
[   11.296360] raid6: avx2x2   gen() 10850 MB/s
[   11.344153] raid6: avx2x2   xor()  8412 MB/s
[   11.448032] raid6: avx2x4   gen() 13030 MB/s
[   11.512402] raid6: avx2x4   xor() 14595 MB/s
[   11.566739] raid6: using algorithm avx2x1 gen() 21618 MB/s
[   11.652539] raid6: .... xor() 6330 MB/s, rmw enabled
[   11.752106] raid6: using avx2x2 recovery algorithm
[   11.830730] xor: automatically using best checksumming function   avx       
[   11.836106] async_tx: api initialized (async)
done.
Begin: Running /scripts/init-premount ... done.
Begin: Mounting root file system ... Begin: Running /scripts/local-top ... done[   11.893669] Btrfs loaded, crc32c=crc32c-intel
.
Begin: Running /scripts/local-premount ... Scanning for Btrfs filesystems
done.
Warning: fsck not present, so skipping root file system
[   11.993140] EXT4-fs (sda1): mounted filesystem with ordered data mode. Opts: (null)
done.
Begin: Running /scripts/local-bottom ... done.
Begin: Running /scripts/init-bottom ... done.
[   12.320516] ip_tables: (C) 2000-2006 Netfilter Core Team
[   12.331700] systemd[1]: systemd 237 running in system mode. (+PAM +AUDIT +SELINUX +IMA +APPARMOR +SMACK +SYSVINIT +UTMP +LIBCRYPTSETUP +GCRYPT +GNUTLS +ACL +XZ +LZ4 +SECCOMP +BLKID +ELFUTILS +KMOD -IDN2 +IDN -PCRE2 default-hierarchy=hybrid)
[   12.342807] systemd[1]: Detected virtualization oracle.
[   12.343964] systemd[1]: Detected architecture x86-64.

Welcome to [1mUbuntu 18.04 LTS[0m!

[   12.355741] systemd[1]: Set hostname to <ubuntu>.
[   12.362010] systemd[1]: Initializing machine ID from random generator.
[   12.363108] systemd[1]: Installed transient /etc/machine-id file.
[   12.607200] systemd[1]: Created slice User and Session Slice.
[[0;32m  OK  [0m] Created slice User and Session Slice.
[   12.645107] systemd[1]: Reached target Swap.
[[0;32m  OK  [0m] Reached target Swap.
[   12.651914] systemd[1]: Reached target User and Group Name Lookups.
[[0;32m  OK  [0m] Reached target User and Group Name Lookups.
[   12.653685] systemd[1]: Reached target System Time Synchronized.
[[0;32m  OK  [0m] Reached target System Time Synchronized.
[[0;32m  OK  [0m] Set up automount Arbitrary Executab…rmats File System Automount Point.
[[0;32m  OK  [0m] Created slice System Slice.
[[0;32m  OK  [0m] Listening on Syslog Socket.
[[0;32m  OK  [0m] Listening on Journal Socket (/dev/log).
[[0;32m  OK  [0m] Listening on Device-mapper event daemon FIFOs.
[[0;32m  OK  [0m] Listening on LVM2 metadata daemon socket.
[[0;32m  OK  [0m] Created slice system-serial\x2dgetty.slice.
[[0;32m  OK  [0m] Listening on Network Service Netlink Socket.
[[0;32m  OK  [0m] Listening on LVM2 poll daemon socket.
[[0;32m  OK  [0m] Listening on udev Kernel Socket.
[[0;32m  OK  [0m] Listening on Journal Socket.
         Starting Monitoring of LVM2 mirrors…ng dmeventd or progress polling...
         Mounting POSIX Message Queue File System...
         Starting Load Kernel Modules...
         Starting Remount Root and Kernel File Systems...
         Starting Set the console keyboard layout...
         Mounting Huge Pages File System...
[[0;32m  OK  [0m] Listening on /dev/initctl Compatibility Named Pipe.
[[0;32m  OK  [0m] Reached target Slices.
         Starting Uncomplicated firewall...
         Mounting Kernel Debug File System...
[[0;32m  OK  [0m] Listening on Journal Audit Socket.
[[0;32m  OK  [0m] Started Forward Password Requests to Wall Directory Watch.
[   12.775666] Loading iSCSI transport class v2.0-870.
         Starting Create list of required st…ce nodes for the current kernel...
[[0;32m  OK  [0m] Listening on udev Control Socket.
         Starting udev Coldplug all Devices...
[   12.869223] EXT4-fs (sda1): re-mounted. Opts: (null)
         Starting Journal Service...
[[0;32m  OK  [0m] Mounted POSIX Message Queue File System.
[[0;32m  OK  [0m] Mounted Huge Pages File System.
[   12.892852] iscsi: registered transport (tcp)
[[0;32m  OK  [0m] Started Uncomplicated firewall.
[[0;32m  OK  [0m] Mounted Kernel Debug File System.
[[0;32m  OK  [0m] Started Remount Root and Kernel File Systems.
[[0;32m  OK  [0m] Started Create list of required sta…vice nodes for the current kernel.
[[0;32m  OK  [0m] Started LVM2 metadata daemon.
         Starting Create Static Device Nodes in /dev...
         Starting Initial cloud-init job (pre-networking)...
         Starting Load/Save Random Seed...
[[0;32m  OK  [0m] Started Load/Save Random Seed.
[[0;32m  OK  [0m] Started Journal Service.
         Starting Flush Journal to Persistent Storage...
[[0;32m  OK  [0m] Started Create Static Device Nodes in /dev.
         Starting udev Kernel Device Manager...
[[0;32m  OK  [0m] Started udev Coldplug all Devices.
[   13.070643] iscsi: registered transport (iser)
[[0;32m  OK  [0m] Started Load Kernel Modules.
         Mounting FUSE Control File System...
         Mounting Kernel Configuration File System...
         Starting Apply Kernel Variables...
[[0;32m  OK  [0m] Mounted FUSE Control File System.
[[0;32m  OK  [0m] Mounted Kernel Configuration File System.
[   13.088749] systemd-journald[394]: Received request to flush runtime journal from PID 1
[[0;32m  OK  [0m] Started Set the console keyboard layout.
[[0;32m  OK  [0m] Started udev Kernel Device Manager.
[[0;32m  OK  [0m] Started Dispatch Password Requests to Console Directory Watch.
[[0;32m  OK  [0m] Reached target Local Encrypted Volumes.
[[0;32m  OK  [0m] Started Apply Kernel Variables.
[[0;32m  OK  [0m] Started Monitoring of LVM2 mirrors,…sing dmeventd or progress polling.
[[0;32m  OK  [0m] Reached target Local File Systems (Pre).
[[0;32m  OK  [0m] Reached target Local File Systems.
         Starting Commit a transient machine-id on disk...
         Starting Set console font and keymap...
         Starting AppArmor initialization...
         Starting ebtables ruleset management...
         Starting Tell Plymouth To Write Out Runtime Data...
[[0;32m  OK  [0m] Started Flush Journal to Persistent Storage.
         Starting Create Volatile Files and Directories...
[[0;32m  OK  [0m] Started Set console font and keymap.
[[0;32m  OK  [0m] Started Tell Plymouth To Write Out Runtime Data.
[[0;32m  OK  [0m] Started Commit a transient machine-id on disk.
[[0;32m  OK  [0m] Found device /dev/ttyS0.
[[0;32m  OK  [0m] Started Create Volatile Files and Directories.
         Starting Update UTMP about System Boot/Shutdown...
[[0;32m  OK  [0m] Started Update UTMP about System Boot/Shutdown.
[[0;32m  OK  [0m] Listening on Load/Save RF Kill Switch Status /dev/rfkill Watch.
[[0;32m  OK  [0m] Started ebtables ruleset management.
[[0;32m  OK  [0m] Started AppArmor initialization.
[   15.830819] cloud-init[401]: Cloud-init v. 18.2 running 'init-local' at Sat, 15 Dec 2018 17:28:56 +0000. Up 15.39 seconds.
[[0;32m  OK  [0m] Started Initial cloud-init job (pre-networking).
[[0;32m  OK  [0m] Reached target Network (Pre).
         Starting Network Service...
[[0;32m  OK  [0m] Started Network Service.
         Starting Network Name Resolution...
         Starting Wait for Network to be Configured...
[[0;32m  OK  [0m] Started Network Name Resolution.
[[0;32m  OK  [0m] Reached target Network.
[[0;32m  OK  [0m] Reached target Host and Network Name Lookups.
[[0;32m  OK  [0m] Started Wait for Network to be Configured.
         Starting Initial cloud-init job (metadata service crawler)...
[   18.697277] cloud-init[658]: Cloud-init v. 18.2 running 'init' at Sat, 15 Dec 2018 17:28:58 +0000. Up 17.66 seconds.
[   18.701423] cloud-init[658]: ci-info: ++++++++++++++++++++++++++++++++++++++Net device info++++++++++++++++++++++++++++++++++++++
[   18.714168] cloud-init[658]: ci-info: +--------+------+----------------------------+---------------+--------+-------------------+
[   18.717857] cloud-init[658]: ci-info: | Device |  Up  |          Address           |      Mask     | Scope  |     Hw-Address    |
[   18.722640] cloud-init[658]: ci-info: +--------+------+----------------------------+---------------+--------+-------------------+
[   18.729757] cloud-init[658]: ci-info: | enp0s3 | True |         10.0.2.15          | 255.255.255.0 | global | 02:79:70:27:56:0f |
[   18.736098] cloud-init[658]: ci-info: | enp0s3 | True | fe80::79:70ff:fe27:560f/64 |       .       |  link  | 02:79:70:27:56:0f |
[   18.741368] cloud-init[658]: ci-info: |   lo   | True |         127.0.0.1          |   255.0.0.0   |  host  |         .         |
[   18.750289] cloud-init[658]: ci-info: |   lo   | True |          ::1/128           |       .       |  host  |         .         |
[[0;32m  OK  [0m] Started Initial cloud-init job (metadata service crawler).
[   18.752193] cloud-init[658]: ci-info: +--------+------+----------------------------+---------------+--------+-------------------+
[   18.762351] cloud-init[658]: ci-info: ++++++++++++++++++++++++++++Route IPv4 info+++++++++++++++++++++++++++++
[   18.765024] cloud-init[658]: ci-info: +-------+-------------+----------+-----------------+-----------+-------+
[   18.771634] cloud-init[658]: ci-info: | Route | Destination | Gateway  |     Genmask     | Interface | Flags |
[[0;32m  OK  [0m] Reached target Network is Online.
[   18.772184] cloud-init[658]: ci-info: +-------+-------------+----------+-----------------+-----------+-------+
[   18.786586] cloud-init[658]: ci-info: |   0   |   0.0.0.0   | 10.0.2.2 |     0.0.0.0     |   enp0s3  |   UG  |
         Starting iSCSI initiator daemon (iscsid)...[   18.795866] 
cloud-init[658]: ci-info: |   1   |   10.0.2.0  | 0.0.0.0  |  255.255.255.0  |   enp0s3  |   U   |
[[   18.804693] cloud-init[658]: ci-info: |   2   |   10.0.2.2  | 0.0.0.0  | 255.255.255.255 |   enp0s3  |   UH  |
[   18.804883] cloud-init[658]: ci-info: +-------+-------------+----------+-----------------+-----------+-------+
[   18.805967] cloud-init[658]: ci-info: +++++++++++++++++++Route IPv6 info+++++++++++++++++++
[   18.807118] cloud-init[658]: ci-info: +-------+-------------+---------+-----------+-------+
[0;32m  OK  [0m] Reached target Cloud-config availability.
[   18.807819] cloud-init[658]: ci-info: | Route | Destination | Gateway | Interface | Flags |
[[   18.826746] cloud-init[658]: ci-info: +-------+-------------+---------+-----------+-------+
[   18.826915] cloud-init[658]: ci-info: |   1   |  fe80::/64  |    ::   |   enp0s3  |   U   |
[   18.827697] cloud-init[658]: ci-info: |   3   |    local    |    ::   |   enp0s3  |   U   |
[   18.829468] cloud-init[658]: ci-info: |   4   |   ff00::/8  |    ::   |   enp0s3  |   U   |
[   18.831332] cloud-init[658]: ci-info: +-------+-------------+---------+-----------+-------+
[0;32m  OK  [0m] Reached target System Initialization.
[   18.832076] cloud-init[658]: Generating public/private rsa key pair.
[[   18.855913] cloud-init[658]: Your identification has been saved in /etc/ssh/ssh_host_rsa_key.
[   18.856509] cloud-init[658]: Your public key has been saved in /etc/ssh/ssh_host_rsa_key.pub.
[   18.857189] cloud-init[658]: The key fingerprint is:
[0;32m  OK  [0m] Started Message of the Day.
[   18.858415] cloud-init[658]: SHA256:z9DM/5UKN2zTMeLxTWIXOsoFhuIg+1xOukhxK3AOURs root@ubuntu-bionic
[[0;32m  OK  [0m] Listening on UUID daemon activation socket.
[   18.867943] cloud-init[658]: The key's randomart image is:
[[   18.884293] cloud-init[658]: +---[RSA 2048]----+
[   18.884861] cloud-init[658]: |   E             |
[   18.885591] cloud-init[658]: |  . o     .      |
[   18.886264] cloud-init[658]: | . o . . . o   . |
[   18.886994] cloud-init[658]: |  . o o .+. . . .|
[   18.887291] cloud-init[658]: | o + . +S +  *ooo|
[   18.888518] cloud-init[658]: |  = = *  +..=.*+=|
[   18.889214] cloud-init[658]: |   + = .  o+.B +o|
[   18.889959] cloud-init[658]: |  . o .     +.+. |
[   18.890694] cloud-init[658]: |   . .       ..  |
[   18.891432] cloud-init[658]: +----[SHA256]-----+
[   18.892509] cloud-init[658]: Generating public/private dsa key pair.
[   18.893217] cloud-init[658]: Your identification has been saved in /etc/ssh/ssh_host_dsa_key.
[   18.894923] cloud-init[658]: Your public key has been saved in /etc/ssh/ssh_host_dsa_key.pub.
[   18.896106] cloud-init[658]: The key fingerprint is:
[   18.896766] cloud-init[658]: SHA256:imlLlBvrRo79hTLpdNEtmARZHmKRqZzbgqq/uH9Hh0k root@ubuntu-bionic
[   18.897544] cloud-init[658]: The key's randomart image is:
[   18.898300] cloud-init[658]: +---[DSA 1024]----+
[   18.899006] cloud-init[658]: |    =*o          |
[   18.899741] cloud-init[658]: |   .++ .         |
[   18.900470] cloud-init[658]: | . o  o          |
[   18.901214] cloud-init[658]: |  +  oE+ .       |
[   18.901893] cloud-init[658]: | . o+.+oS .      |
[   18.902675] cloud-init[658]: |. o.oB++..       |
[   18.903044] cloud-init[658]: |.  *%.+..        |
[   18.903833] cloud-init[658]: |...*==..         |
[   18.904589] cloud-init[658]: |=++++o.          |
[   18.905266] cloud-init[658]: +----[SHA256]-----+
[   18.905968] cloud-init[658]: Generating public/private ecdsa key pair.
[   18.906748] cloud-init[658]: Your identification has been saved in /etc/ssh/ssh_host_ecdsa_key.
[   18.907535] cloud-init[658]: Your public key has been saved in /etc/ssh/ssh_host_ecdsa_key.pub.
[   18.909094] cloud-init[658]: The key fingerprint is:
[   18.911024] cloud-init[658]: SHA256:eBLXUh320XAJskMNVg+pOe+0xv0WQJvgypfFQo7AdaQ root@ubuntu-bionic
[   18.911941] cloud-init[658]: The key's randomart image is:
[   18.912866] cloud-init[658]: +---[ECDSA 256]---+
[   18.913586] cloud-init[658]: |      . ..oO*==oo|
[   18.914903] cloud-init[658]: |       o o=++=o+.|
[   18.915222] cloud-init[658]: |      . +E*o* +. |
[   18.915521] cloud-init[658]: |       + o B.*   |
[   18.916566] cloud-init[658]: |      o S . * .  |
[   18.917325] cloud-init[658]: |       o o o o . |
[   18.918247] cloud-init[658]: |          . + o .|
[   18.919038] cloud-init[658]: |             = ..|
[   18.919736] cloud-init[658]: |            .  .o|
[   18.920454] cloud-init[658]: +----[SHA256]-----+
[   18.921083] cloud-init[658]: Generating public/private ed25519 key pair.
[   18.921403] cloud-init[658]: Your identification has been saved in /etc/ssh/ssh_host_ed25519_key.
[   18.922067] cloud-init[658]: Your public key has been saved in /etc/ssh/ssh_host_ed25519_key.pub.
[   18.922817] cloud-init[658]: The key fingerprint is:
[0;32m  OK  [0m] Started Daily apt download activities.
[   18.923545] cloud-init[658]: SHA256:YhNqNdo1jdd+so1y9ZJQ35VHEvPHfsL04cDDmXMHVK4 root@ubuntu-bionic
[[   18.981717] cloud-init[658]: The key's randomart image is:
[   18.981857] cloud-init[658]: +--[ED25519 256]--+
[0;32m  OK  [0m] Started Daily apt upgrade and clean activities.
[[   18.982576] cloud-init[658]: |             .*oo|
[   18.998280] cloud-init[658]: |         o .o oO.|
[   19.000294] cloud-init[658]: |      + + o .Oo+O|
[0;32m  OK  [0m] Started Daily Cleanup of Temporary Directories.
[   19.001319] cloud-init[658]: |     = + o . +*=B|
[   19.006175] cloud-init[658]: |    + = S   + E.*|
[   19.007617] cloud-init[658]: |   . . o     O +.|
         [   19.020583] cloud-init[658]: |          . + + .|
Starting LXD - unix socket.
[   19.020982] cloud-init[658]: |           o   . |
[[0;32m  OK  [0m[   19.033136] cloud-init[658]: |                 |
[   19.033769] cloud-init[658]: +----[SHA256]-----+
] Listening on D-Bus System Message Bus Socket.
[[0;32m  OK  [0m] Started Discard unused blocks once a week.
[[0;32m  OK  [0m] Listening on ACPID Listen Socket.
         Starting Socket activation for snappy daemon.
[[0;32m  OK  [0m] Started ACPI Events Check.
[[0;32m  OK  [0m] Reached target Paths.
[[0;32m  OK  [0m] Reached target Timers.
[[0;32m  OK  [0m] Listening on LXD - unix socket.
[[0;32m  OK  [0m] Listening on Socket activation for snappy daemon.
[[0;32m  OK  [0m] Reached target Sockets.
[[0;32m  OK  [0m] Reached target Basic System.
         Starting Login Service...
[[0;32m  OK  [0m] Started Deferred execution scheduler.
         Starting Dispatcher daemon for systemd-networkd...
[[0;32m  OK  [0m] Started irqbalance daemon.
         Starting LXD - container startup/shutdown...
         Starting Snappy daemon...
[[0;32m  OK  [0m] Started Regular background program processing daemon.
         Starting Apply the settings specified in cloud-config...
[[0;32m  OK  [0m] Started Unattended Upgrades Shutdown.
         Starting Virtualbox guest utils...
         Starting LSB: Record successful boot for GRUB...
[[0;32m  OK  [0m] Started D-Bus System Message Bus.
         Starting Pollinate to seed the pseudo random number generator...
         Starting Accounts Service...
[[0;32m  OK  [0m] Started FUSE filesystem for LXC.
         Starting System Logging Service...
[[0;32m  OK  [0m] Started iSCSI initiator daemon (iscsid).
[[0;32m  OK  [0m] Started Login Service.
         Starting Availability of block devices...
[[0;32m  OK  [0m] Reached target Remote File Systems (Pre).
[[0;32m  OK  [0m] Reached target Remote File Systems.
         Starting LSB: automatic crash report generation...
         Starting Permit User Sessions...
[[0;32m  OK  [0m] Started System Logging Service.
[[0;32m  OK  [0m] Started Availability of block devices.
[[0;32m  OK  [0m] Started LXD - container startup/shutdown.
[[0;32m  OK  [0m] Started Permit User Sessions.
         Starting Terminate Plymouth Boot Screen...
         Starting Hold until boot process finishes up...
[[0;32m  OK  [0m] Started Terminate Plymouth Boot Screen.
[[0;32m  OK  [0m] Started Hold until boot process finishes up.
[[0;32m  OK  [0m] Started Serial Getty on ttyS0.
         Starting Set console scheme...
[[0;32m  OK  [0m] Started Set console scheme.
[[0;32m  OK  [0m] Created slice system-getty.slice.
[[0;32m  OK  [0m] Started Getty on tty1.
[[0;32m  OK  [0m] Reached target Login Prompts.
[[0;32m  OK  [0m] Started Dispatcher daemon for systemd-networkd.
[[0;32m  OK  [0m] Started LSB: automatic crash report generation.
[[0;32m  OK  [0m] Started LSB: Record successful boot for GRUB.
         Starting Authorization Manager...
[[0;32m  OK  [0m] Started Authorization Manager.
[[0;32m  OK  [0m] Started Accounts Service.
[[0;32m  OK  [0m] Started Virtualbox guest utils.
[[0;32m  OK  [0m] Started Snappy daemon.
         Starting Wait until snapd is fully seeded...
[[0;32m  OK  [0m] Started Pollinate to seed the pseudo random number generator.
         Starting OpenBSD Secure Shell server...
[[0;32m  OK  [0m] Started OpenBSD Secure Shell server.
[   21.975235] cloud-init[861]: Cloud-init v. 18.2 running 'modules:config' at Sat, 15 Dec 2018 17:29:01 +0000. Up 20.67 seconds.
[[0;32m  OK  [0m] Started Apply the settings specified in cloud-config.
[[0;32m  OK  [0m] Started Wait until snapd is fully seeded.
[[0;32m  OK  [0m] Reached target Multi-User System.
         Starting Execute cloud user/final scripts...
[[0;32m  OK  [0m] Reached target Graphical Interface.
         Starting Update UTMP about System Runlevel Changes...
[[0;32m  OK  [0m] Started Update UTMP about System Runlevel Changes.
ci-info: no authorized ssh keys fingerprints found for user ubuntu.
<14>Dec 15 17:29:05 ec2: 
<14>Dec 15 17:29:05 ec2: #############################################################
<14>Dec 15 17:29:05 ec2: -----BEGIN SSH HOST KEY FINGERPRINTS-----
<14>Dec 15 17:29:05 ec2: 1024 SHA256:imlLlBvrRo79hTLpdNEtmARZHmKRqZzbgqq/uH9Hh0k root@ubuntu-bionic (DSA)
<14>Dec 15 17:29:05 ec2: 256 SHA256:eBLXUh320XAJskMNVg+pOe+0xv0WQJvgypfFQo7AdaQ root@ubuntu-bionic (ECDSA)
<14>Dec 15 17:29:05 ec2: 256 SHA256:YhNqNdo1jdd+so1y9ZJQ35VHEvPHfsL04cDDmXMHVK4 root@ubuntu-bionic (ED25519)
<14>Dec 15 17:29:05 ec2: 2048 SHA256:z9DM/5UKN2zTMeLxTWIXOsoFhuIg+1xOukhxK3AOURs root@ubuntu-bionic (RSA)
<14>Dec 15 17:29:05 ec2: -----END SSH HOST KEY FINGERPRINTS-----
<14>Dec 15 17:29:05 ec2: #############################################################
-----BEGIN SSH HOST KEY KEYS-----
ecdsa-sha2-nistp256 AAAAE2VjZHNhLXNoYTItbmlzdHAyNTYAAAAIbmlzdHAyNTYAAABBBLU+S2s30MEAdZHiLYZB2b0K65rTgVNtrq+PDKePZMeLH9ka76l7/C4jXAvsvyjM9kWOZ1OVcIYgmLlLyvl29GM= root@ubuntu-bionic
ssh-ed25519 AAAAC3NzaC1lZDI1NTE5AAAAILtFTemX9tzrWS6e3pzLKDJYaGgsl16r8t7ccZ+2OeYi root@ubuntu-bionic
ssh-rsa AAAAB3NzaC1yc2EAAAADAQABAAABAQCw353bo1fS08xf3AZSReOb0fnZ5Be7MZ01xQgasvqFEV8cvLjCyDuYGPFgj3l9gGobsaCD38dJsimp2RQH+iGTyV/DDz/W2cgeENLo/zVRSMcJ2qNkPT8ofwYZbTe+TGfwpLaUf5bx21YwkA+H82rrsdMQvDub/hDMBTZcgXe7yZf4EoGUKn5M+WSOXlM7XkxojKyIkW2QleCOTMiWvVujbuxhw9IV3F3WUBVTalsZcKLTFk/WTLUn+E/F6nnai7tVuFQ9Q6tQiXpSnA3DyIcowkM5d+UG3mIgF9newtEdtiRDuCv6jcpUQbHMcghmmn8LvphuDc4hjOFJWjFBmZAr root@ubuntu-bionic
-----END SSH HOST KEY KEYS-----
[   23.911040] cloud-init[1195]: Cloud-init v. 18.2 running 'modules:final' at Sat, 15 Dec 2018 17:29:04 +0000. Up 23.69 seconds.
[   23.919149] cloud-init[1195]: ci-info: no authorized ssh keys fingerprints found for user ubuntu.
[   23.922872] cloud-init[1195]: Cloud-init v. 18.2 finished at Sat, 15 Dec 2018 17:29:05 +0000. Datasource DataSourceNoCloud [seed=/dev/sdb][dsmode=net].  Up 23.90 seconds
[[0;32m  OK  [0m] Started Execute cloud user/final scripts.
[[0;32m  OK  [0m] Reached target Cloud-init target.

Ubuntu 18.04 LTS ubuntu-bionic ttyS0

ubuntu-bionic login: 